c:\users\2339695\source\repos\roguelike\roguelike\debug\vc141.pdb
c:\users\2339695\source\repos\roguelike\roguelike\debug\vc141.idb
c:\users\2339695\source\repos\roguelike\roguelike\debug\timer.obj
c:\users\2339695\source\repos\roguelike\roguelike\debug\text.obj
c:\users\2339695\source\repos\roguelike\roguelike\debug\sprite.obj
c:\users\2339695\source\repos\roguelike\roguelike\debug\map.obj
c:\users\2339695\source\repos\roguelike\roguelike\debug\main.obj
c:\users\2339695\source\repos\roguelike\roguelike\debug\inputhandler.obj
c:\users\2339695\source\repos\roguelike\roguelike\debug\graphics.obj
c:\users\2339695\source\repos\roguelike\roguelike\debug\engine.obj
c:\users\2339695\source\repos\roguelike\roguelike\debug\audio.obj
c:\users\2339695\source\repos\roguelike\roguelike\debug\assetmanager.obj
c:\users\2339695\source\repos\roguelike\debug\roguelike.pdb
c:\users\2339695\source\repos\roguelike\roguelike\debug\roguelike.tlog\cl.command.1.tlog
c:\users\2339695\source\repos\roguelike\roguelike\debug\roguelike.tlog\cl.read.1.tlog
c:\users\2339695\source\repos\roguelike\roguelike\debug\roguelike.tlog\cl.write.1.tlog
c:\users\2339695\source\repos\roguelike\roguelike\debug\roguelike.tlog\link-cvtres.read.1.tlog
c:\users\2339695\source\repos\roguelike\roguelike\debug\roguelike.tlog\link-cvtres.write.1.tlog
c:\users\2339695\source\repos\roguelike\roguelike\debug\roguelike.tlog\link-rc.read.1.tlog
c:\users\2339695\source\repos\roguelike\roguelike\debug\roguelike.tlog\link-rc.write.1.tlog
c:\users\2339695\source\repos\roguelike\roguelike\debug\roguelike.tlog\link.command.1.tlog
c:\users\2339695\source\repos\roguelike\roguelike\debug\roguelike.tlog\link.read.1.tlog
c:\users\2339695\source\repos\roguelike\roguelike\debug\roguelike.tlog\link.write.1.tlog
