c:\users\2339695\source\repos\roguelike\roguelike\release\vc141.pdb
c:\users\2339695\source\repos\roguelike\roguelike\release\main.obj
c:\users\2339695\source\repos\roguelike\roguelike\release\text.obj
c:\users\2339695\source\repos\roguelike\roguelike\release\sprite.obj
c:\users\2339695\source\repos\roguelike\roguelike\release\player.obj
c:\users\2339695\source\repos\roguelike\roguelike\release\messagelog.obj
c:\users\2339695\source\repos\roguelike\roguelike\release\map.obj
c:\users\2339695\source\repos\roguelike\roguelike\release\inputhandler.obj
c:\users\2339695\source\repos\roguelike\roguelike\release\graphics.obj
c:\users\2339695\source\repos\roguelike\roguelike\release\eventhandler.obj
c:\users\2339695\source\repos\roguelike\roguelike\release\engine.obj
c:\users\2339695\source\repos\roguelike\roguelike\release\audio.obj
c:\users\2339695\source\repos\roguelike\roguelike\release\assetmanager.obj
c:\users\2339695\source\repos\roguelike\roguelike\release\room.obj
c:\users\2339695\source\repos\roguelike\roguelike\release\mapgenerator.obj
c:\users\2339695\source\repos\roguelike\roguelike\release\dungeongenerator.obj
c:\users\2339695\source\repos\roguelike\roguelike\release\cavegenerator.obj
c:\users\2339695\source\repos\roguelike\release\roguelike.ipdb
c:\users\2339695\source\repos\roguelike\release\roguelike.iobj
c:\users\2339695\source\repos\roguelike\roguelike\release\timer.obj
c:\users\2339695\source\repos\roguelike\roguelike\release\vc142.pdb
c:\users\2339695\source\repos\roguelike\release\roguelike.pdb
c:\users\2339695\source\repos\roguelike\roguelike\release\roguelike.tlog\cl.command.1.tlog
c:\users\2339695\source\repos\roguelike\roguelike\release\roguelike.tlog\cl.read.1.tlog
c:\users\2339695\source\repos\roguelike\roguelike\release\roguelike.tlog\cl.write.1.tlog
c:\users\2339695\source\repos\roguelike\roguelike\release\roguelike.tlog\link.command.1.tlog
c:\users\2339695\source\repos\roguelike\roguelike\release\roguelike.tlog\link.delete.1.tlog
c:\users\2339695\source\repos\roguelike\roguelike\release\roguelike.tlog\link.read.1.tlog
c:\users\2339695\source\repos\roguelike\roguelike\release\roguelike.tlog\link.write.1.tlog
c:\users\2339695\source\repos\roguelike\roguelike\release\roguelike.tlog\roguelike.write.1u.tlog
