C:\Users\Danielle Hu\Documents\Github\Projects\Roguelike\Roguelike\Roguelike.vcxproj(68,5): warning MSB4011: "C:\Users\Danielle Hu\Documents\Visual Studio 2019\Source\RogueLike.props" cannot be imported again. It was already imported at "C:\Users\Danielle Hu\Documents\Github\Projects\Roguelike\Roguelike\Roguelike.vcxproj (66,5)". This is most likely a build authoring error. This subsequent import will be ignored. 
  Engine.cpp
<<<<<<< HEAD
=======
c:\users\2339695\source\repos\roguelike\roguelike\rng.h(26): warning C4244: 'return': conversion from 'float' to 'int', possible loss of data
  Map.cpp
c:\users\2339695\source\repos\roguelike\roguelike\rng.h(26): warning C4244: 'return': conversion from 'float' to 'int', possible loss of data
c:\users\2339695\source\repos\roguelike\roguelike\map.cpp(10): warning C4244: '=': conversion from 'time_t' to 'int', possible loss of data
c:\users\2339695\source\repos\roguelike\roguelike\map.cpp(31): warning C4244: '=': conversion from 'time_t' to 'int', possible loss of data
  Room.cpp
>>>>>>> 888e83e8679816e9a81d20444d9058ea43c13af2
  main.cpp
C:\Users\Danielle Hu\Documents\Github\Projects\Roguelike\Roguelike\RNG.h(26,53): warning C4244: 'return': conversion from 'float' to 'int', possible loss of data
  Player.cpp
C:\Users\Danielle Hu\Documents\Github\Projects\Roguelike\Roguelike\RNG.h(26,53): warning C4244: 'return': conversion from 'float' to 'int', possible loss of data
  Generating code
<<<<<<< HEAD
  39 of 939 functions ( 4.2%) were compiled, the rest were copied from previous compilation.
    10 functions were new in current compilation
    1 functions had inline decision re-evaluated but remain unchanged
=======
  0 of 1213 functions ( 0.0%) were compiled, the rest were copied from previous compilation.
    0 functions were new in current compilation
    9 functions had inline decision re-evaluated but remain unchanged
>>>>>>> 888e83e8679816e9a81d20444d9058ea43c13af2
  Finished generating code
  Roguelike.vcxproj -> C:\Users\Danielle Hu\Documents\Github\Projects\Roguelike\Release\Roguelike.exe
